#
# There is insufficient memory for the Java Runtime Environment to continue.
# Native memory allocation (malloc) failed to allocate 32744 bytes for Chunk::new
# Possible reasons:
#   The system is out of physical RAM or swap space
#   The process is running with CompressedOops enabled, and the Java Heap may be blocking the growth of the native heap
# Possible solutions:
#   Reduce memory load on the system
#   Increase physical memory or swap space
#   Check if swap backing store is full
#   Decrease Java heap size (-Xmx/-Xms)
#   Decrease number of Java threads
#   Decrease Java thread stack sizes (-Xss)
#   Set larger code cache with -XX:ReservedCodeCacheSize=
#   JVM is running with Zero Based Compressed Oops mode in which the Java heap is
#     placed in the first 32GB address space. The Java Heap base address is the
#     maximum limit for the native heap growth. Please use -XX:HeapBaseMinAddress
#     to set the Java Heap base and to place the Java Heap above 32GB virtual address.
# This output file may be truncated or incomplete.
#
#  Out of Memory Error (arena.cpp:184), pid=20416, tid=16440
#
# JRE version: Java(TM) SE Runtime Environment (19.0.1+10) (build 19.0.1+10-21)
# Java VM: Java HotSpot(TM) 64-Bit Server VM (19.0.1+10-21, mixed mode, sharing, tiered, compressed oops, compressed class ptrs, g1 gc, windows-amd64)
# No core dump will be written. Minidumps are not enabled by default on client versions of Windows
#

---------------  S U M M A R Y ------------

Command Line: create

Host: 11th Gen Intel(R) Core(TM) i5-1135G7 @ 2.40GHz, 8 cores, 15G,  Windows 10 , 64 bit Build 19041 (10.0.19041.1706)
Time: Sun Dec 18 22:51:50 2022 SE Asia Standard Time elapsed time: 131.771468 seconds (0d 0h 2m 11s)

---------------  T H R E A D  ---------------

Current thread (0x00000273f59b0b60):  JavaThread "C2 CompilerThread0" daemon [_thread_in_native, id=16440, stack(0x000000c29cf00000,0x000000c29d000000)]


Current CompileTask:
C2: 131771 2953       4       java.awt.EventQueue::dispatchEvent (80 bytes)

Stack: [0x000000c29cf00000,0x000000c29d000000]
Native frames: (J=compiled Java code, j=interpreted, Vv=VM code, C=native code)
V  [jvm.dll+0x6ee8fa]
V  [jvm.dll+0x857a1e]
V  [jvm.dll+0x85940e]
V  [jvm.dll+0x859ac3]
V  [jvm.dll+0x28291f]
V  [jvm.dll+0xc9b5f]
V  [jvm.dll+0xc9ee5]
V  [jvm.dll+0x1dd78e]
V  [jvm.dll+0x1dd5cd]
V  [jvm.dll+0x396568]
V  [jvm.dll+0x39fa70]
V  [jvm.dll+0x70d249]
V  [jvm.dll+0x70928e]
V  [jvm.dll+0x701356]
V  [jvm.dll+0x7009a1]
V  [jvm.dll+0x6fe883]
V  [jvm.dll+0x1d9eec]
V  [jvm.dll+0x1daa7b]
V  [jvm.dll+0x1daa7b]
V  [jvm.dll+0x2f6e9d]
V  [jvm.dll+0x709232]
V  [jvm.dll+0x701356]
V  [jvm.dll+0x7009a1]
V  [jvm.dll+0x6fe883]
V  [jvm.dll+0x1d9eec]
V  [jvm.dll+0x1daa7b]
V  [jvm.dll+0x2f6e9d]
V  [jvm.dll+0x709232]
V  [jvm.dll+0x701356]
V  [jvm.dll+0x7009a1]
V  [jvm.dll+0x6fe883]
V  [jvm.dll+0x1d9eec]
V  [jvm.dll+0x2f6e9d]
V  [jvm.dll+0x709232]
V  [jvm.dll+0x701356]
V  [jvm.dll+0x7009a1]
V  [jvm.dll+0x6fe883]
V  [jvm.dll+0x1d9eec]
V  [jvm.dll+0x1daa7b]
V  [jvm.dll+0x2f6e9d]
V  [jvm.dll+0x709232]
V  [jvm.dll+0x701356]
V  [jvm.dll+0x7009a1]
V  [jvm.dll+0x6fe883]
V  [jvm.dll+0x1d9eec]
V  [jvm.dll+0x1daa7b]
V  [jvm.dll+0x2f6e9d]
V  [jvm.dll+0x709232]
V  [jvm.dll+0x701356]
V  [jvm.dll+0x7009a1]
V  [jvm.dll+0x6fe883]
V  [jvm.dll+0x1d9eec]
V  [jvm.dll+0x1daa7b]
V  [jvm.dll+0x1daa7b]
V  [jvm.dll+0x2f6e9d]
V  [jvm.dll+0x709232]
V  [jvm.dll+0x701356]
V  [jvm.dll+0x7009a1]
V  [jvm.dll+0x6fe883]
V  [jvm.dll+0x1d9eec]
V  [jvm.dll+0x1daa7b]
V  [jvm.dll+0x2f6e9d]
V  [jvm.dll+0x709232]
V  [jvm.dll+0x701356]
V  [jvm.dll+0x7009a1]
V  [jvm.dll+0x6fe883]
V  [jvm.dll+0x1d9eec]
V  [jvm.dll+0x1daa7b]
V  [jvm.dll+0x1daa7b]
V  [jvm.dll+0x2f6e9d]
V  [jvm.dll+0x709232]
V  [jvm.dll+0x701356]
V  [jvm.dll+0x7009a1]
V  [jvm.dll+0x6fe883]
V  [jvm.dll+0x1d9eec]
V  [jvm.dll+0x1daa7b]
V  [jvm.dll+0x1daa7b]
V  [jvm.dll+0x2f6e9d]
V  [jvm.dll+0x709232]
V  [jvm.dll+0x701356]
V  [jvm.dll+0x7009a1]
V  [jvm.dll+0x6fe883]
V  [jvm.dll+0x1d9eec]
V  [jvm.dll+0x1daa7b]
V  [jvm.dll+0x2f6e9d]
V  [jvm.dll+0x709232]
V  [jvm.dll+0x701356]
V  [jvm.dll+0x7009a1]
V  [jvm.dll+0x6fe883]
V  [jvm.dll+0x1d9eec]
V  [jvm.dll+0x1daa7b]
V  [jvm.dll+0x2f6e9d]
V  [jvm.dll+0x709232]
V  [jvm.dll+0x701356]
V  [jvm.dll+0x7009a1]
V  [jvm.dll+0x6fe883]
V  [jvm.dll+0x1d9eec]
V  [jvm.dll+0x1daa7b]
V  [jvm.dll+0x2f6e9d]
...<more frames>...


---------------  P R O C E S S  ---------------

Threads class SMR info:
_java_thread_list=0x00000273fc10c5f0, length=17, elements={
0x00000273f59a5310, 0x00000273f59a5ff0, 0x00000273f59a96e0, 0x00000273f59ab110,
0x00000273f59abc70, 0x00000273f59ac690, 0x00000273f59b0b60, 0x00000273f59b95d0,
0x00000273f59c89c0, 0x00000273f9cec6b0, 0x00000273f9cf7080, 0x00000273f9d5fe40,
0x00000273f9d5ad70, 0x00000273f9d5b390, 0x00000273fabab110, 0x00000273d077de70,
0x00000273fadde2c0
}

Java Threads: ( => current thread )
  0x00000273f59a5310 JavaThread "Reference Handler" daemon [_thread_blocked, id=23948, stack(0x000000c29c900000,0x000000c29ca00000)]
  0x00000273f59a5ff0 JavaThread "Finalizer" daemon [_thread_blocked, id=12236, stack(0x000000c29ca00000,0x000000c29cb00000)]
  0x00000273f59a96e0 JavaThread "Signal Dispatcher" daemon [_thread_blocked, id=26220, stack(0x000000c29cb00000,0x000000c29cc00000)]
  0x00000273f59ab110 JavaThread "Attach Listener" daemon [_thread_blocked, id=13316, stack(0x000000c29cc00000,0x000000c29cd00000)]
  0x00000273f59abc70 JavaThread "Service Thread" daemon [_thread_blocked, id=25124, stack(0x000000c29cd00000,0x000000c29ce00000)]
  0x00000273f59ac690 JavaThread "Monitor Deflation Thread" daemon [_thread_blocked, id=22080, stack(0x000000c29ce00000,0x000000c29cf00000)]
=>0x00000273f59b0b60 JavaThread "C2 CompilerThread0" daemon [_thread_in_native, id=16440, stack(0x000000c29cf00000,0x000000c29d000000)]
  0x00000273f59b95d0 JavaThread "C1 CompilerThread0" daemon [_thread_blocked, id=16720, stack(0x000000c29d000000,0x000000c29d100000)]
  0x00000273f59c89c0 JavaThread "Sweeper thread" daemon [_thread_blocked, id=11440, stack(0x000000c29d100000,0x000000c29d200000)]
  0x00000273f9cec6b0 JavaThread "Notification Thread" daemon [_thread_blocked, id=12924, stack(0x000000c29d200000,0x000000c29d300000)]
  0x00000273f9cf7080 JavaThread "Common-Cleaner" daemon [_thread_blocked, id=15948, stack(0x000000c29d400000,0x000000c29d500000)]
  0x00000273f9d5fe40 JavaThread "Java2D Disposer" daemon [_thread_blocked, id=25128, stack(0x000000c29d500000,0x000000c29d600000)]
  0x00000273f9d5ad70 JavaThread "AWT-Shutdown" [_thread_blocked, id=11976, stack(0x000000c29d600000,0x000000c29d700000)]
  0x00000273f9d5b390 JavaThread "AWT-Windows" daemon [_thread_in_native, id=16740, stack(0x000000c29d700000,0x000000c29d800000)]
  0x00000273fabab110 JavaThread "AWT-EventQueue-0" [_thread_blocked, id=15168, stack(0x000000c29d900000,0x000000c29da00000)]
  0x00000273d077de70 JavaThread "DestroyJavaVM" [_thread_blocked, id=25868, stack(0x000000c29c200000,0x000000c29c300000)]
  0x00000273fadde2c0 JavaThread "TimerQueue" daemon [_thread_blocked, id=10832, stack(0x000000c29da00000,0x000000c29db00000)]

Other Threads:
  0x00000273f598a8b0 VMThread "VM Thread" [stack: 0x000000c29c800000,0x000000c29c900000] [id=22716]
  0x00000273f9cf2c10 WatcherThread "VM Periodic Task Thread" [stack: 0x000000c29d300000,0x000000c29d400000] [id=5780]
  0x00000273d07ee070 WorkerThread "GC Thread#0" [stack: 0x000000c29c300000,0x000000c29c400000] [id=15536]
  0x00000273fb245d30 WorkerThread "GC Thread#1" [stack: 0x000000c29dc00000,0x000000c29dd00000] [id=20224]
  0x00000273fb1f3830 WorkerThread "GC Thread#2" [stack: 0x000000c29dd00000,0x000000c29de00000] [id=26104]
  0x00000273fbf62cd0 WorkerThread "GC Thread#3" [stack: 0x000000c29de00000,0x000000c29df00000] [id=11532]
  0x00000273fbf61bf0 WorkerThread "GC Thread#4" [stack: 0x000000c29df00000,0x000000c29e000000] [id=25724]
  0x00000273fbf63540 WorkerThread "GC Thread#5" [stack: 0x000000c29e000000,0x000000c29e100000] [id=13844]
  0x00000273fbf61ec0 WorkerThread "GC Thread#6" [stack: 0x000000c29e100000,0x000000c29e200000] [id=24996]
  0x00000273fbf62730 WorkerThread "GC Thread#7" [stack: 0x000000c29e200000,0x000000c29e300000] [id=25832]
  0x00000273d07fec30 ConcurrentGCThread "G1 Main Marker" [stack: 0x000000c29c400000,0x000000c29c500000] [id=22532]
  0x00000273d07ffd00 WorkerThread "G1 Conc#0" [stack: 0x000000c29c500000,0x000000c29c600000] [id=16008]
  0x00000273f5844560 ConcurrentGCThread "G1 Refine#0" [stack: 0x000000c29c600000,0x000000c29c700000] [id=20060]
  0x00000273f5844d50 ConcurrentGCThread "G1 Service" [stack: 0x000000c29c700000,0x000000c29c800000] [id=23740]

Threads with active compile tasks:
C2 CompilerThread0   131791 2953       4       java.awt.EventQueue::dispatchEvent (80 bytes)

VM state: not at safepoint (normal execution)

VM Mutex/Monitor currently owned by a thread: None

Heap address: 0x0000000704400000, size: 4028 MB, Compressed Oops mode: Zero based, Oop shift amount: 3

CDS archive(s) mapped at: [0x0000000800000000-0x0000000800c40000-0x0000000800c40000), size 12845056, SharedBaseAddress: 0x0000000800000000, ArchiveRelocationMode: 0.
Compressed class space mapped at: 0x0000000801000000-0x0000000841000000, reserved size: 1073741824
Narrow klass base: 0x0000000800000000, Narrow klass shift: 0, Narrow klass range: 0x100000000

GC Precious Log:
 CardTable entry size: 512
 Card Set container configuration: InlinePtr #cards 4 size 8 Array Of Cards #cards 16 size 48 Howl #buckets 8 coarsen threshold 3686 Howl Bitmap #cards 512 size 80 coarsen threshold 460 Card regions per heap region 1 cards per card region 4096
 CPUs: 8 total, 8 available
 Memory: 16106M
 Large Page Support: Disabled
 NUMA Support: Disabled
 Compressed Oops: Enabled (Zero based)
 Heap Region Size: 2M
 Heap Min Capacity: 8M
 Heap Initial Capacity: 252M
 Heap Max Capacity: 4028M
 Pre-touch: Disabled
 Parallel Workers: 8
 Concurrent Workers: 2
 Concurrent Refinement Workers: 8
 Periodic GC: Disabled

Heap:
 garbage-first heap   total 258048K, used 62619K [0x0000000704400000, 0x0000000800000000)
  region size 2048K, 10 young (20480K), 2 survivors (4096K)
 Metaspace       used 19048K, committed 19392K, reserved 1114112K
  class space    used 1962K, committed 2112K, reserved 1048576K

Heap Regions: E=young(eden), S=young(survivor), O=old, HS=humongous(starts), HC=humongous(continues), CS=collection set, F=free, OA=open archive, CA=closed archive, TAMS=top-at-mark-start (previous, next)
|   0|0x0000000704400000, 0x0000000704600000, 0x0000000704600000|100%|HS|  |TAMS 0x0000000704400000, 0x0000000704400000| Complete 
|   1|0x0000000704600000, 0x0000000704800000, 0x0000000704800000|100%|HC|  |TAMS 0x0000000704600000, 0x0000000704600000| Complete 
|   2|0x0000000704800000, 0x0000000704926c00, 0x0000000704a00000| 57%| O|  |TAMS 0x0000000704800000, 0x0000000704800000| Untracked 
|   3|0x0000000704a00000, 0x0000000704c00000, 0x0000000704c00000|100%|HS|  |TAMS 0x0000000704a00000, 0x0000000704a00000| Complete 
|   4|0x0000000704c00000, 0x0000000704e00000, 0x0000000704e00000|100%|HC|  |TAMS 0x0000000704c00000, 0x0000000704c00000| Complete 
|   5|0x0000000704e00000, 0x0000000705000000, 0x0000000705000000|100%|HS|  |TAMS 0x0000000704e00000, 0x0000000704e00000| Complete 
|   6|0x0000000705000000, 0x0000000705200000, 0x0000000705200000|100%|HC|  |TAMS 0x0000000705000000, 0x0000000705000000| Complete 
|   7|0x0000000705200000, 0x0000000705400000, 0x0000000705400000|100%|HS|  |TAMS 0x0000000705200000, 0x0000000705200000| Complete 
|   8|0x0000000705400000, 0x0000000705600000, 0x0000000705600000|100%|HC|  |TAMS 0x0000000705400000, 0x0000000705400000| Complete 
|   9|0x0000000705600000, 0x0000000705800000, 0x0000000705800000|100%|HS|  |TAMS 0x0000000705600000, 0x0000000705600000| Complete 
|  10|0x0000000705800000, 0x0000000705a00000, 0x0000000705a00000|100%|HC|  |TAMS 0x0000000705800000, 0x0000000705800000| Complete 
|  11|0x0000000705a00000, 0x0000000705c00000, 0x0000000705c00000|100%|HS|  |TAMS 0x0000000705a00000, 0x0000000705a00000| Complete 
|  12|0x0000000705c00000, 0x0000000705e00000, 0x0000000705e00000|100%|HC|  |TAMS 0x0000000705c00000, 0x0000000705c00000| Complete 
|  13|0x0000000705e00000, 0x0000000706000000, 0x0000000706000000|100%|HS|  |TAMS 0x0000000705e00000, 0x0000000705e00000| Complete 
|  14|0x0000000706000000, 0x0000000706200000, 0x0000000706200000|100%|HC|  |TAMS 0x0000000706000000, 0x0000000706000000| Complete 
|  15|0x0000000706200000, 0x0000000706400000, 0x0000000706400000|100%|HS|  |TAMS 0x0000000706200000, 0x0000000706200000| Complete 
|  16|0x0000000706400000, 0x0000000706600000, 0x0000000706600000|100%|HC|  |TAMS 0x0000000706400000, 0x0000000706400000| Complete 
|  17|0x0000000706600000, 0x0000000706800000, 0x0000000706800000|100%|HS|  |TAMS 0x0000000706600000, 0x0000000706600000| Complete 
|  18|0x0000000706800000, 0x0000000706a00000, 0x0000000706a00000|100%|HC|  |TAMS 0x0000000706800000, 0x0000000706800000| Complete 
|  19|0x0000000706a00000, 0x0000000706c00000, 0x0000000706c00000|100%|HC|  |TAMS 0x0000000706a00000, 0x0000000706a00000| Complete 
|  20|0x0000000706c00000, 0x0000000706e00000, 0x0000000706e00000|100%|HC|  |TAMS 0x0000000706c00000, 0x0000000706c00000| Complete 
|  21|0x0000000706e00000, 0x0000000707000000, 0x0000000707000000|100%|HS|  |TAMS 0x0000000706e00000, 0x0000000706e00000| Complete 
|  22|0x0000000707000000, 0x0000000707200000, 0x0000000707200000|100%|HC|  |TAMS 0x0000000707000000, 0x0000000707000000| Complete 
|  23|0x0000000707200000, 0x0000000707200000, 0x0000000707400000|  0%| F|  |TAMS 0x0000000707200000, 0x0000000707200000| Untracked 
|  24|0x0000000707400000, 0x0000000707400000, 0x0000000707600000|  0%| F|  |TAMS 0x0000000707400000, 0x0000000707400000| Untracked 
|  25|0x0000000707600000, 0x0000000707600000, 0x0000000707800000|  0%| F|  |TAMS 0x0000000707600000, 0x0000000707600000| Untracked 
|  26|0x0000000707800000, 0x0000000707800000, 0x0000000707a00000|  0%| F|  |TAMS 0x0000000707800000, 0x0000000707800000| Untracked 
|  27|0x0000000707a00000, 0x0000000707a00000, 0x0000000707c00000|  0%| F|  |TAMS 0x0000000707a00000, 0x0000000707a00000| Untracked 
|  28|0x0000000707c00000, 0x0000000707c00000, 0x0000000707e00000|  0%| F|  |TAMS 0x0000000707c00000, 0x0000000707c00000| Untracked 
|  29|0x0000000707e00000, 0x0000000707e00000, 0x0000000708000000|  0%| F|  |TAMS 0x0000000707e00000, 0x0000000707e00000| Untracked 
|  30|0x0000000708000000, 0x0000000708000000, 0x0000000708200000|  0%| F|  |TAMS 0x0000000708000000, 0x0000000708000000| Untracked 
|  31|0x0000000708200000, 0x0000000708200000, 0x0000000708400000|  0%| F|  |TAMS 0x0000000708200000, 0x0000000708200000| Untracked 
|  32|0x0000000708400000, 0x0000000708400000, 0x0000000708600000|  0%| F|  |TAMS 0x0000000708400000, 0x0000000708400000| Untracked 
|  33|0x0000000708600000, 0x0000000708600000, 0x0000000708800000|  0%| F|  |TAMS 0x0000000708600000, 0x0000000708600000| Untracked 
|  34|0x0000000708800000, 0x0000000708800000, 0x0000000708a00000|  0%| F|  |TAMS 0x0000000708800000, 0x0000000708800000| Untracked 
|  35|0x0000000708a00000, 0x0000000708a00000, 0x0000000708c00000|  0%| F|  |TAMS 0x0000000708a00000, 0x0000000708a00000| Untracked 
|  36|0x0000000708c00000, 0x0000000708c00000, 0x0000000708e00000|  0%| F|  |TAMS 0x0000000708c00000, 0x0000000708c00000| Untracked 
|  37|0x0000000708e00000, 0x0000000708e00000, 0x0000000709000000|  0%| F|  |TAMS 0x0000000708e00000, 0x0000000708e00000| Untracked 
|  38|0x0000000709000000, 0x0000000709000000, 0x0000000709200000|  0%| F|  |TAMS 0x0000000709000000, 0x0000000709000000| Untracked 
|  39|0x0000000709200000, 0x0000000709200000, 0x0000000709400000|  0%| F|  |TAMS 0x0000000709200000, 0x0000000709200000| Untracked 
|  40|0x0000000709400000, 0x0000000709400000, 0x0000000709600000|  0%| F|  |TAMS 0x0000000709400000, 0x0000000709400000| Untracked 
|  41|0x0000000709600000, 0x0000000709600000, 0x0000000709800000|  0%| F|  |TAMS 0x0000000709600000, 0x0000000709600000| Untracked 
|  42|0x0000000709800000, 0x0000000709800000, 0x0000000709a00000|  0%| F|  |TAMS 0x0000000709800000, 0x0000000709800000| Untracked 
|  43|0x0000000709a00000, 0x0000000709a00000, 0x0000000709c00000|  0%| F|  |TAMS 0x0000000709a00000, 0x0000000709a00000| Untracked 
|  44|0x0000000709c00000, 0x0000000709c00000, 0x0000000709e00000|  0%| F|  |TAMS 0x0000000709c00000, 0x0000000709c00000| Untracked 
|  45|0x0000000709e00000, 0x0000000709e00000, 0x000000070a000000|  0%| F|  |TAMS 0x0000000709e00000, 0x0000000709e00000| Untracked 
|  46|0x000000070a000000, 0x000000070a000000, 0x000000070a200000|  0%| F|  |TAMS 0x000000070a000000, 0x000000070a000000| Untracked 
|  47|0x000000070a200000, 0x000000070a200000, 0x000000070a400000|  0%| F|  |TAMS 0x000000070a200000, 0x000000070a200000| Untracked 
|  48|0x000000070a400000, 0x000000070a400000, 0x000000070a600000|  0%| F|  |TAMS 0x000000070a400000, 0x000000070a400000| Untracked 
|  49|0x000000070a600000, 0x000000070a600000, 0x000000070a800000|  0%| F|  |TAMS 0x000000070a600000, 0x000000070a600000| Untracked 
|  50|0x000000070a800000, 0x000000070a800000, 0x000000070aa00000|  0%| F|  |TAMS 0x000000070a800000, 0x000000070a800000| Untracked 
|  51|0x000000070aa00000, 0x000000070aa00000, 0x000000070ac00000|  0%| F|  |TAMS 0x000000070aa00000, 0x000000070aa00000| Untracked 
|  52|0x000000070ac00000, 0x000000070ac00000, 0x000000070ae00000|  0%| F|  |TAMS 0x000000070ac00000, 0x000000070ac00000| Untracked 
|  53|0x000000070ae00000, 0x000000070ae00000, 0x000000070b000000|  0%| F|  |TAMS 0x000000070ae00000, 0x000000070ae00000| Untracked 
|  54|0x000000070b000000, 0x000000070b000000, 0x000000070b200000|  0%| F|  |TAMS 0x000000070b000000, 0x000000070b000000| Untracked 
|  55|0x000000070b200000, 0x000000070b200000, 0x000000070b400000|  0%| F|  |TAMS 0x000000070b200000, 0x000000070b200000| Untracked 
|  56|0x000000070b400000, 0x000000070b400000, 0x000000070b600000|  0%| F|  |TAMS 0x000000070b400000, 0x000000070b400000| Untracked 
|  57|0x000000070b600000, 0x000000070b600000, 0x000000070b800000|  0%| F|  |TAMS 0x000000070b600000, 0x000000070b600000| Untracked 
|  58|0x000000070b800000, 0x000000070b800000, 0x000000070ba00000|  0%| F|  |TAMS 0x000000070b800000, 0x000000070b800000| Untracked 
|  59|0x000000070ba00000, 0x000000070ba00000, 0x000000070bc00000|  0%| F|  |TAMS 0x000000070ba00000, 0x000000070ba00000| Untracked 
|  60|0x000000070bc00000, 0x000000070bc00000, 0x000000070be00000|  0%| F|  |TAMS 0x000000070bc00000, 0x000000070bc00000| Untracked 
|  61|0x000000070be00000, 0x000000070be00000, 0x000000070c000000|  0%| F|  |TAMS 0x000000070be00000, 0x000000070be00000| Untracked 
|  62|0x000000070c000000, 0x000000070c000000, 0x000000070c200000|  0%| F|  |TAMS 0x000000070c000000, 0x000000070c000000| Untracked 
|  63|0x000000070c200000, 0x000000070c200000, 0x000000070c400000|  0%| F|  |TAMS 0x000000070c200000, 0x000000070c200000| Untracked 
|  64|0x000000070c400000, 0x000000070c400000, 0x000000070c600000|  0%| F|  |TAMS 0x000000070c400000, 0x000000070c400000| Untracked 
|  65|0x000000070c600000, 0x000000070c600000, 0x000000070c800000|  0%| F|  |TAMS 0x000000070c600000, 0x000000070c600000| Untracked 
|  66|0x000000070c800000, 0x000000070c800000, 0x000000070ca00000|  0%| F|  |TAMS 0x000000070c800000, 0x000000070c800000| Untracked 
|  67|0x000000070ca00000, 0x000000070ca00000, 0x000000070cc00000|  0%| F|  |TAMS 0x000000070ca00000, 0x000000070ca00000| Untracked 
|  68|0x000000070cc00000, 0x000000070cc00000, 0x000000070ce00000|  0%| F|  |TAMS 0x000000070cc00000, 0x000000070cc00000| Untracked 
|  69|0x000000070ce00000, 0x000000070ce00000, 0x000000070d000000|  0%| F|  |TAMS 0x000000070ce00000, 0x000000070ce00000| Untracked 
|  70|0x000000070d000000, 0x000000070d000000, 0x000000070d200000|  0%| F|  |TAMS 0x000000070d000000, 0x000000070d000000| Untracked 
|  71|0x000000070d200000, 0x000000070d200000, 0x000000070d400000|  0%| F|  |TAMS 0x000000070d200000, 0x000000070d200000| Untracked 
|  72|0x000000070d400000, 0x000000070d400000, 0x000000070d600000|  0%| F|  |TAMS 0x000000070d400000, 0x000000070d400000| Untracked 
|  73|0x000000070d600000, 0x000000070d600000, 0x000000070d800000|  0%| F|  |TAMS 0x000000070d600000, 0x000000070d600000| Untracked 
|  74|0x000000070d800000, 0x000000070d800000, 0x000000070da00000|  0%| F|  |TAMS 0x000000070d800000, 0x000000070d800000| Untracked 
|  75|0x000000070da00000, 0x000000070da00000, 0x000000070dc00000|  0%| F|  |TAMS 0x000000070da00000, 0x000000070da00000| Untracked 
|  76|0x000000070dc00000, 0x000000070dc00000, 0x000000070de00000|  0%| F|  |TAMS 0x000000070dc00000, 0x000000070dc00000| Untracked 
|  77|0x000000070de00000, 0x000000070de00000, 0x000000070e000000|  0%| F|  |TAMS 0x000000070de00000, 0x000000070de00000| Untracked 
|  78|0x000000070e000000, 0x000000070e000000, 0x000000070e200000|  0%| F|  |TAMS 0x000000070e000000, 0x000000070e000000| Untracked 
|  79|0x000000070e200000, 0x000000070e200000, 0x000000070e400000|  0%| F|  |TAMS 0x000000070e200000, 0x000000070e200000| Untracked 
|  80|0x000000070e400000, 0x000000070e400000, 0x000000070e600000|  0%| F|  |TAMS 0x000000070e400000, 0x000000070e400000| Untracked 
|  81|0x000000070e600000, 0x000000070e600000, 0x000000070e800000|  0%| F|  |TAMS 0x000000070e600000, 0x000000070e600000| Untracked 
|  82|0x000000070e800000, 0x000000070e800000, 0x000000070ea00000|  0%| F|  |TAMS 0x000000070e800000, 0x000000070e800000| Untracked 
|  83|0x000000070ea00000, 0x000000070ea00000, 0x000000070ec00000|  0%| F|  |TAMS 0x000000070ea00000, 0x000000070ea00000| Untracked 
|  84|0x000000070ec00000, 0x000000070ec00000, 0x000000070ee00000|  0%| F|  |TAMS 0x000000070ec00000, 0x000000070ec00000| Untracked 
|  85|0x000000070ee00000, 0x000000070ee00000, 0x000000070f000000|  0%| F|  |TAMS 0x000000070ee00000, 0x000000070ee00000| Untracked 
|  86|0x000000070f000000, 0x000000070f000000, 0x000000070f200000|  0%| F|  |TAMS 0x000000070f000000, 0x000000070f000000| Untracked 
|  87|0x000000070f200000, 0x000000070f200000, 0x000000070f400000|  0%| F|  |TAMS 0x000000070f200000, 0x000000070f200000| Untracked 
|  88|0x000000070f400000, 0x000000070f400000, 0x000000070f600000|  0%| F|  |TAMS 0x000000070f400000, 0x000000070f400000| Untracked 
|  89|0x000000070f600000, 0x000000070f600000, 0x000000070f800000|  0%| F|  |TAMS 0x000000070f600000, 0x000000070f600000| Untracked 
|  90|0x000000070f800000, 0x000000070f800000, 0x000000070fa00000|  0%| F|  |TAMS 0x000000070f800000, 0x000000070f800000| Untracked 
|  91|0x000000070fa00000, 0x000000070fa00000, 0x000000070fc00000|  0%| F|  |TAMS 0x000000070fa00000, 0x000000070fa00000| Untracked 
|  92|0x000000070fc00000, 0x000000070fc00000, 0x000000070fe00000|  0%| F|  |TAMS 0x000000070fc00000, 0x000000070fc00000| Untracked 
|  93|0x000000070fe00000, 0x000000070fe00000, 0x0000000710000000|  0%| F|  |TAMS 0x000000070fe00000, 0x000000070fe00000| Untracked 
|  94|0x0000000710000000, 0x0000000710000000, 0x0000000710200000|  0%| F|  |TAMS 0x0000000710000000, 0x0000000710000000| Untracked 
|  95|0x0000000710200000, 0x0000000710200000, 0x0000000710400000|  0%| F|  |TAMS 0x0000000710200000, 0x0000000710200000| Untracked 
|  96|0x0000000710400000, 0x0000000710400000, 0x0000000710600000|  0%| F|  |TAMS 0x0000000710400000, 0x0000000710400000| Untracked 
|  97|0x0000000710600000, 0x0000000710600000, 0x0000000710800000|  0%| F|  |TAMS 0x0000000710600000, 0x0000000710600000| Untracked 
|  98|0x0000000710800000, 0x0000000710800000, 0x0000000710a00000|  0%| F|  |TAMS 0x0000000710800000, 0x0000000710800000| Untracked 
|  99|0x0000000710a00000, 0x0000000710a00000, 0x0000000710c00000|  0%| F|  |TAMS 0x0000000710a00000, 0x0000000710a00000| Untracked 
| 100|0x0000000710c00000, 0x0000000710c00000, 0x0000000710e00000|  0%| F|  |TAMS 0x0000000710c00000, 0x0000000710c00000| Untracked 
| 101|0x0000000710e00000, 0x0000000710e00000, 0x0000000711000000|  0%| F|  |TAMS 0x0000000710e00000, 0x0000000710e00000| Untracked 
| 102|0x0000000711000000, 0x0000000711000000, 0x0000000711200000|  0%| F|  |TAMS 0x0000000711000000, 0x0000000711000000| Untracked 
| 103|0x0000000711200000, 0x0000000711200000, 0x0000000711400000|  0%| F|  |TAMS 0x0000000711200000, 0x0000000711200000| Untracked 
| 104|0x0000000711400000, 0x0000000711400000, 0x0000000711600000|  0%| F|  |TAMS 0x0000000711400000, 0x0000000711400000| Untracked 
| 105|0x0000000711600000, 0x0000000711600000, 0x0000000711800000|  0%| F|  |TAMS 0x0000000711600000, 0x0000000711600000| Untracked 
| 106|0x0000000711800000, 0x0000000711800000, 0x0000000711a00000|  0%| F|  |TAMS 0x0000000711800000, 0x0000000711800000| Untracked 
| 107|0x0000000711a00000, 0x0000000711a00000, 0x0000000711c00000|  0%| F|  |TAMS 0x0000000711a00000, 0x0000000711a00000| Untracked 
| 108|0x0000000711c00000, 0x0000000711c00000, 0x0000000711e00000|  0%| F|  |TAMS 0x0000000711c00000, 0x0000000711c00000| Untracked 
| 109|0x0000000711e00000, 0x0000000711e00000, 0x0000000712000000|  0%| F|  |TAMS 0x0000000711e00000, 0x0000000711e00000| Untracked 
| 110|0x0000000712000000, 0x0000000712000000, 0x0000000712200000|  0%| F|  |TAMS 0x0000000712000000, 0x0000000712000000| Untracked 
| 111|0x0000000712200000, 0x0000000712200000, 0x0000000712400000|  0%| F|  |TAMS 0x0000000712200000, 0x0000000712200000| Untracked 
| 112|0x0000000712400000, 0x0000000712400000, 0x0000000712600000|  0%| F|  |TAMS 0x0000000712400000, 0x0000000712400000| Untracked 
| 113|0x0000000712600000, 0x0000000712800000, 0x0000000712800000|100%| S|CS|TAMS 0x0000000712600000, 0x0000000712600000| Complete 
| 114|0x0000000712800000, 0x0000000712a00000, 0x0000000712a00000|100%| S|CS|TAMS 0x0000000712800000, 0x0000000712800000| Complete 
| 115|0x0000000712a00000, 0x0000000712a00000, 0x0000000712c00000|  0%| F|  |TAMS 0x0000000712a00000, 0x0000000712a00000| Untracked 
| 116|0x0000000712c00000, 0x0000000712c00000, 0x0000000712e00000|  0%| F|  |TAMS 0x0000000712c00000, 0x0000000712c00000| Untracked 
| 117|0x0000000712e00000, 0x0000000712e00000, 0x0000000713000000|  0%| F|  |TAMS 0x0000000712e00000, 0x0000000712e00000| Untracked 
| 118|0x0000000713000000, 0x000000071307c438, 0x0000000713200000| 24%| E|  |TAMS 0x0000000713000000, 0x0000000713000000| Complete 
| 119|0x0000000713200000, 0x0000000713400000, 0x0000000713400000|100%| E|CS|TAMS 0x0000000713200000, 0x0000000713200000| Complete 
| 120|0x0000000713400000, 0x0000000713600000, 0x0000000713600000|100%| E|CS|TAMS 0x0000000713400000, 0x0000000713400000| Complete 
| 121|0x0000000713600000, 0x0000000713800000, 0x0000000713800000|100%| E|  |TAMS 0x0000000713600000, 0x0000000713600000| Complete 
| 122|0x0000000713800000, 0x0000000713a00000, 0x0000000713a00000|100%| E|CS|TAMS 0x0000000713800000, 0x0000000713800000| Complete 
| 123|0x0000000713a00000, 0x0000000713c00000, 0x0000000713c00000|100%| E|CS|TAMS 0x0000000713a00000, 0x0000000713a00000| Complete 
| 124|0x0000000713c00000, 0x0000000713e00000, 0x0000000713e00000|100%| E|CS|TAMS 0x0000000713c00000, 0x0000000713c00000| Complete 
| 125|0x0000000713e00000, 0x0000000714000000, 0x0000000714000000|100%| E|CS|TAMS 0x0000000713e00000, 0x0000000713e00000| Complete 

Card table byte_map: [0x00000273ea140000,0x00000273ea920000] _byte_map_base: 0x00000273e691e000

Marking Bits (Prev, Next): (CMBitMap*) 0x00000273d07ee5a0, (CMBitMap*) 0x00000273d07ee5e0
 Prev Bits: [0x00000273eb100000, 0x00000273eeff0000)
 Next Bits: [0x00000273eeff0000, 0x00000273f2ee0000)

Polling page: 0x00000273d0850000

Metaspace:

Usage:
  Non-class:     16.69 MB used.
      Class:      1.92 MB used.
       Both:     18.60 MB used.

Virtual space:
  Non-class space:       64.00 MB reserved,      16.88 MB ( 26%) committed,  1 nodes.
      Class space:        1.00 GB reserved,       2.06 MB ( <1%) committed,  1 nodes.
             Both:        1.06 GB reserved,      18.94 MB (  2%) committed. 

Chunk freelists:
   Non-Class:  2.86 MB
       Class:  1.95 MB
        Both:  4.81 MB

MaxMetaspaceSize: unlimited
CompressedClassSpaceSize: 1.00 GB
Initial GC threshold: 21.00 MB
Current GC threshold: 21.00 MB
CDS: on
MetaspaceReclaimPolicy: balanced
 - commit_granule_bytes: 65536.
 - commit_granule_words: 8192.
 - virtual_space_node_default_size: 8388608.
 - enlarge_chunks_in_place: 1.
 - new_chunks_are_fully_committed: 0.
 - uncommit_free_chunks: 1.
 - use_allocation_guard: 0.


Internal statistics:

num_allocs_failed_limit: 0.
num_arena_births: 238.
num_arena_deaths: 0.
num_vsnodes_births: 2.
num_vsnodes_deaths: 0.
num_space_committed: 303.
num_space_uncommitted: 0.
num_chunks_returned_to_freelist: 0.
num_chunks_taken_from_freelist: 402.
num_chunk_merges: 0.
num_chunk_splits: 259.
num_chunks_enlarged: 175.
num_inconsistent_stats: 0.

CodeHeap 'non-profiled nmethods': size=120000Kb used=1081Kb max_used=1081Kb free=118918Kb
 bounds [0x00000273e19d0000, 0x00000273e1c40000, 0x00000273e8f00000]
CodeHeap 'profiled nmethods': size=120000Kb used=5853Kb max_used=5853Kb free=114147Kb
 bounds [0x00000273d9f00000, 0x00000273da4c0000, 0x00000273e1430000]
CodeHeap 'non-nmethods': size=5760Kb used=1481Kb max_used=1519Kb free=4278Kb
 bounds [0x00000273e1430000, 0x00000273e16a0000, 0x00000273e19d0000]
 total_blobs=3684 nmethods=2950 adapters=643
 compilation: enabled
              stopped_count=0, restarted_count=0
 full_count=0

Compilation events (20 events):
Event: 45.172 Thread 0x00000273f59b95d0 nmethod 2943 0x00000273da4afa10 code [0x00000273da4afbc0, 0x00000273da4afd08]
Event: 45.403 Thread 0x00000273f59b95d0 2944  s    3       javax.swing.RepaintManager$ProcessingRunnable::markPending (16 bytes)
Event: 45.403 Thread 0x00000273f59b95d0 nmethod 2944 0x00000273da4afd90 code [0x00000273da4aff40, 0x00000273da4b0198]
Event: 45.405 Thread 0x00000273f59b95d0 2945       3       sun.java2d.SunGraphics2D::checkFontInfo (760 bytes)
Event: 45.409 Thread 0x00000273f59b95d0 nmethod 2945 0x00000273da4b0210 code [0x00000273da4b06c0, 0x00000273da4b2de8]
Event: 45.409 Thread 0x00000273f59b95d0 2946   !   3       sun.font.FontStrikeDesc::equals (53 bytes)
Event: 45.409 Thread 0x00000273f59b95d0 nmethod 2946 0x00000273da4b3910 code [0x00000273da4b3ae0, 0x00000273da4b3eb8]
Event: 45.409 Thread 0x00000273f59b95d0 2947  s    3       sun.awt.image.ToolkitImage::getWidth (48 bytes)
Event: 45.409 Thread 0x00000273f59b95d0 nmethod 2947 0x00000273da4b4090 code [0x00000273da4b4260, 0x00000273da4b4678]
Event: 49.386 Thread 0x00000273f59b95d0 2948       3       java.awt.Container::getMouseEventTarget (50 bytes)
Event: 49.386 Thread 0x00000273f59b95d0 nmethod 2948 0x00000273da4b4790 code [0x00000273da4b4940, 0x00000273da4b4c18]
Event: 49.698 Thread 0x00000273f59b0b60 2949       4       java.security.AccessControlContext::calculateFields (89 bytes)
Event: 49.699 Thread 0x00000273f59b0b60 nmethod 2949 0x00000273e1add110 code [0x00000273e1add2a0, 0x00000273e1add518]
Event: 129.873 Thread 0x00000273f59b95d0 2950   !   3       java.awt.Component::validate (98 bytes)
Event: 129.874 Thread 0x00000273f59b95d0 nmethod 2950 0x00000273da4b4d10 code [0x00000273da4b4f60, 0x00000273da4b5ba8]
Event: 129.877 Thread 0x00000273f59b95d0 2951   !   3       sun.java2d.SunGraphics2D::drawImage (150 bytes)
Event: 129.878 Thread 0x00000273f59b95d0 nmethod 2951 0x00000273da4b6010 code [0x00000273da4b62a0, 0x00000273da4b6e78]
Event: 130.397 Thread 0x00000273f59b0b60 2952   !   4       java.awt.EventQueue::setCurrentEventAndMostRecentTimeImpl (191 bytes)
Event: 130.406 Thread 0x00000273f59b0b60 nmethod 2952 0x00000273e1add690 code [0x00000273e1add880, 0x00000273e1ade068]
Event: 131.764 Thread 0x00000273f59b0b60 2953       4       java.awt.EventQueue::dispatchEvent (80 bytes)

GC Heap History (2 events):
Event: 2.867 GC heap before
{Heap before GC invocations=0 (full 0):
 garbage-first heap   total 258048K, used 24576K [0x0000000704400000, 0x0000000800000000)
  region size 2048K, 11 young (22528K), 0 survivors (0K)
 Metaspace       used 16930K, committed 17216K, reserved 1114112K
  class space    used 1800K, committed 1920K, reserved 1048576K
}
Event: 2.873 GC heap after
{Heap after GC invocations=1 (full 0):
 garbage-first heap   total 258048K, used 9371K [0x0000000704400000, 0x0000000800000000)
  region size 2048K, 2 young (4096K), 2 survivors (4096K)
 Metaspace       used 16930K, committed 17216K, reserved 1114112K
  class space    used 1800K, committed 1920K, reserved 1048576K
}

Dll operation events (12 events):
Event: 0.004 Loaded shared library D:\Java\JDK\bin\java.dll
Event: 0.010 Loaded shared library D:\Java\JDK\bin\jsvml.dll
Event: 0.040 Loaded shared library D:\Java\JDK\bin\jimage.dll
Event: 0.043 Loaded shared library D:\Java\JDK\bin\net.dll
Event: 0.044 Loaded shared library D:\Java\JDK\bin\nio.dll
Event: 0.047 Loaded shared library D:\Java\JDK\bin\zip.dll
Event: 0.060 Loaded shared library D:\Java\JDK\bin\awt.dll
Event: 0.171 Loaded shared library D:\Java\JDK\bin\javajpeg.dll
Event: 0.205 Loaded shared library D:\Java\JDK\bin\freetype.dll
Event: 0.205 Loaded shared library D:\Java\JDK\bin\fontmanager.dll
Event: 2.640 Loaded shared library D:\Java\JDK\bin\extnet.dll
Event: 2.753 Loaded shared library D:\Java\JDK\bin\sunmscapi.dll

Deoptimization events (20 events):
Event: 7.628 Thread 0x00000273fabab110 DEOPT PACKING pc=0x00000273da1bf65e sp=0x000000c29d9fd1d0
Event: 7.628 Thread 0x00000273fabab110 DEOPT UNPACKING pc=0x00000273e149b0e3 sp=0x000000c29d9fc600 mode 0
Event: 10.024 Thread 0x00000273fabab110 DEOPT PACKING pc=0x00000273da1bf691 sp=0x000000c29d9fcb50
Event: 10.024 Thread 0x00000273fabab110 DEOPT UNPACKING pc=0x00000273e149b0e3 sp=0x000000c29d9fbf80 mode 0
Event: 10.025 Thread 0x00000273fabab110 DEOPT PACKING pc=0x00000273da1bf65e sp=0x000000c29d9fd1e0
Event: 10.025 Thread 0x00000273fabab110 DEOPT UNPACKING pc=0x00000273e149b0e3 sp=0x000000c29d9fc610 mode 0
Event: 15.046 Thread 0x00000273fabab110 DEOPT PACKING pc=0x00000273da202be5 sp=0x000000c29d9fca30
Event: 15.046 Thread 0x00000273fabab110 DEOPT UNPACKING pc=0x00000273e149b0e3 sp=0x000000c29d9fbeb8 mode 0
Event: 15.053 Thread 0x00000273fabab110 DEOPT PACKING pc=0x00000273da1f2a62 sp=0x000000c29d9fd130
Event: 15.053 Thread 0x00000273fabab110 DEOPT UNPACKING pc=0x00000273e149b0e3 sp=0x000000c29d9fc5b8 mode 0
Event: 15.061 Thread 0x00000273fabab110 DEOPT PACKING pc=0x00000273da202be5 sp=0x000000c29d9fcb00
Event: 15.061 Thread 0x00000273fabab110 DEOPT UNPACKING pc=0x00000273e149b0e3 sp=0x000000c29d9fbf88 mode 0
Event: 19.210 Thread 0x00000273fabab110 Uncommon trap: trap_request=0xffffff45 fr.pc=0x00000273e1a7ffcc relative=0x00000000000007cc
Event: 19.210 Thread 0x00000273fabab110 Uncommon trap: reason=unstable_if action=reinterpret pc=0x00000273e1a7ffcc method=java.awt.Container.findComponentAtImpl(IIZ)Ljava/awt/Component; @ 131 c2
Event: 19.210 Thread 0x00000273fabab110 DEOPT PACKING pc=0x00000273e1a7ffcc sp=0x000000c29d9feb40
Event: 19.210 Thread 0x00000273fabab110 DEOPT UNPACKING pc=0x00000273e149a5a3 sp=0x000000c29d9fe9c0 mode 2
Event: 47.996 Thread 0x00000273fabab110 Uncommon trap: trap_request=0xffffff45 fr.pc=0x00000273e1ac48d0 relative=0x0000000000000e70
Event: 47.996 Thread 0x00000273fabab110 Uncommon trap: reason=unstable_if action=reinterpret pc=0x00000273e1ac48d0 method=java.awt.Container.getMouseEventTargetImpl(IIZLjava/awt/Container$EventTargetFilter;ZZ)Ljava/awt/Component; @ 218 c2
Event: 47.996 Thread 0x00000273fabab110 DEOPT PACKING pc=0x00000273e1ac48d0 sp=0x000000c29d9feab0
Event: 47.996 Thread 0x00000273fabab110 DEOPT UNPACKING pc=0x00000273e149a5a3 sp=0x000000c29d9fe9b8 mode 2

Classes loaded (20 events):
Event: 45.153 Loading class javax/swing/JComponent$KeyboardState
Event: 45.154 Loading class javax/swing/JComponent$KeyboardState done
Event: 45.154 Loading class javax/swing/JComponent$IntVector
Event: 45.154 Loading class javax/swing/JComponent$IntVector done
Event: 45.154 Loading class javax/swing/JInternalFrame
Event: 45.155 Loading class javax/swing/JInternalFrame done
Event: 45.155 Loading class javax/swing/KeyboardManager
Event: 45.155 Loading class javax/swing/KeyboardManager done
Event: 45.156 Loading class javax/swing/Popup$HeavyWeightWindow
Event: 45.156 Loading class sun/awt/ModalExclude
Event: 45.156 Loading class sun/awt/ModalExclude done
Event: 45.156 Loading class javax/swing/JWindow
Event: 45.156 Loading class javax/swing/JWindow done
Event: 45.156 Loading class javax/swing/Popup$HeavyWeightWindow done
Event: 45.157 Loading class java/util/WeakHashMap$KeyIterator
Event: 45.157 Loading class java/util/WeakHashMap$HashIterator
Event: 45.157 Loading class java/util/WeakHashMap$HashIterator done
Event: 45.157 Loading class java/util/WeakHashMap$KeyIterator done
Event: 45.157 Loading class javax/swing/RepaintManager$DisplayChangedRunnable
Event: 45.157 Loading class javax/swing/RepaintManager$DisplayChangedRunnable done

Classes unloaded (0 events):
No events

Classes redefined (0 events):
No events

Internal exceptions (20 events):
Event: 0.073 Thread 0x00000273d077de70 Exception <a 'java/io/FileNotFoundException'{0x0000000713d3ac10}> (0x0000000713d3ac10) 
thrown [s\open\src\hotspot\share\prims\jni.cpp, line 517]
Event: 0.099 Thread 0x00000273d077de70 Exception <a 'java/lang/NoSuchMethodError'{0x0000000713d84e18}: 'java.lang.Object java.lang.invoke.DirectMethodHandle$Holder.invokeStaticInit(java.lang.Object)'> (0x0000000713d84e18) 
thrown [s\open\src\hotspot\share\interpreter\linkResolver.cpp, line 774]
Event: 0.120 Thread 0x00000273d077de70 Exception <a 'java/lang/NoSuchMethodError'{0x0000000713a88360}: 'void java.lang.invoke.DirectMethodHandle$Holder.invokeSpecial(java.lang.Object, java.lang.Object, java.lang.Object)'> (0x0000000713a88360) 
thrown [s\open\src\hotspot\share\interpreter\linkResolver.cpp, line 774]
Event: 0.126 Thread 0x00000273d077de70 Exception <a 'java/lang/NoSuchMethodError'{0x0000000713ab2ed0}: 'java.lang.Object java.lang.invoke.DirectMethodHandle$Holder.newInvokeSpecial(java.lang.Object, java.lang.Object, java.lang.Object, java.lang.Object, java.lang.Object)'> (0x0000000713ab2ed0) 
thrown [s\open\src\hotspot\share\interpreter\linkResolver.cpp, line 774]
Event: 0.129 Thread 0x00000273d077de70 Exception <a 'java/lang/NoSuchMethodError'{0x0000000713ae47f8}: 'java.lang.Object java.lang.invoke.DirectMethodHandle$Holder.invokeStatic(java.lang.Object, int, java.lang.Object)'> (0x0000000713ae47f8) 
thrown [s\open\src\hotspot\share\interpreter\linkResolver.cpp, line 774]
Event: 0.143 Thread 0x00000273d077de70 Exception <a 'java/lang/ClassNotFoundException'{0x0000000713ba00c8}: com/sun/swing/internal/plaf/metal/resources/spi/metalProvider> (0x0000000713ba00c8) 
thrown [s\open\src\hotspot\share\classfile\systemDictionary.cpp, line 255]
Event: 0.144 Thread 0x00000273d077de70 Exception <a 'java/lang/ClassNotFoundException'{0x0000000713ba40c8}: com/sun/swing/internal/plaf/basic/resources/spi/basicProvider> (0x0000000713ba40c8) 
thrown [s\open\src\hotspot\share\classfile\systemDictionary.cpp, line 255]
Event: 0.149 Thread 0x00000273d077de70 Exception <a 'java/lang/NoSuchMethodError'{0x0000000713bc4540}: 'int java.lang.invoke.Invokers$Holder.invokeExact_MT(java.lang.Object, java.lang.Object)'> (0x0000000713bc4540) 
thrown [s\open\src\hotspot\share\interpreter\linkResolver.cpp, line 774]
Event: 0.154 Thread 0x00000273f9fcebc0 Exception <a 'java/lang/NoSuchMethodError'{0x000000071380ec70}: 'java.lang.Object java.lang.invoke.DirectMethodHandle$Holder.newInvokeSpecial(java.lang.Object, java.lang.Object, java.lang.Object, int, int, int, int, int)'> (0x000000071380ec70) 
thrown [s\open\src\hotspot\share\interpreter\linkResolver.cpp, line 774]
Event: 0.202 Thread 0x00000273d077de70 Exception <a 'java/lang/NoSuchMethodError'{0x0000000713bfc1a0}: 'void java.lang.invoke.DirectMethodHandle$Holder.invokeStaticInit(java.lang.Object)'> (0x0000000713bfc1a0) 
thrown [s\open\src\hotspot\share\interpreter\linkResolver.cpp, line 774]
Event: 0.234 Thread 0x00000273f9d5b390 Exception <a 'java/lang/NoSuchMethodError'{0x0000000713a10780}: 'void java.lang.invoke.DirectMethodHandle$Holder.invokeVirtual(java.lang.Object, java.lang.Object)'> (0x0000000713a10780) 
thrown [s\open\src\hotspot\share\interpreter\linkResolver.cpp, line 774]
Event: 2.554 Thread 0x00000273fabab110 Exception <a 'java/lang/NoSuchMethodError'{0x00000007133bec58}: 'java.lang.Object java.lang.invoke.DirectMethodHandle$Holder.invokeInterface(java.lang.Object, java.lang.Object)'> (0x00000007133bec58) 
thrown [s\open\src\hotspot\share\interpreter\linkResolver.cpp, line 774]
Event: 2.603 Thread 0x00000273fabab110 Exception <a 'java/lang/NoSuchMethodError'{0x00000007131cbe08}: 'java.lang.Object java.lang.invoke.DirectMethodHandle$Holder.invokeStatic(java.lang.Object, long, java.lang.Object)'> (0x00000007131cbe08) 
thrown [s\open\src\hotspot\share\interpreter\linkResolver.cpp, line 774]
Event: 2.603 Thread 0x00000273fabab110 Exception <a 'java/lang/NoSuchMethodError'{0x00000007131cf708}: 'java.lang.Object java.lang.invoke.DirectMethodHandle$Holder.invokeStaticInit(java.lang.Object, long, java.lang.Object)'> (0x00000007131cf708) 
thrown [s\open\src\hotspot\share\interpreter\linkResolver.cpp, line 774]
Event: 2.603 Thread 0x00000273fabab110 Exception <a 'java/lang/NoSuchMethodError'{0x00000007131f5550}: 'java.lang.Object java.lang.invoke.DirectMethodHandle$Holder.newInvokeSpecial(java.lang.Object, long)'> (0x00000007131f5550) 
thrown [s\open\src\hotspot\share\interpreter\linkResolver.cpp, line 774]
Event: 2.642 Thread 0x00000273fabab110 Exception <a 'java/lang/NoSuchMethodError'{0x0000000712ee2f98}: 'void java.lang.invoke.DirectMethodHandle$Holder.invokeStatic(java.lang.Object, java.lang.Object, java.lang.Object)'> (0x0000000712ee2f98) 
thrown [s\open\src\hotspot\share\interpreter\linkResolver.cpp, line 774]
Event: 2.663 Thread 0x00000273fabab110 Exception <a 'java/lang/NoSuchMethodError'{0x0000000712f75620}: 'void java.lang.invoke.DirectMethodHandle$Holder.invokeStatic(java.lang.Object, java.lang.Object)'> (0x0000000712f75620) 
thrown [s\open\src\hotspot\share\interpreter\linkResolver.cpp, line 774]
Event: 2.668 Thread 0x00000273fabab110 Exception <a 'java/lang/NoSuchMethodError'{0x0000000712f8bb00}: 'java.lang.Object java.lang.invoke.DirectMethodHandle$Holder.invokeStaticInit(java.lang.Object, int, int, int, int)'> (0x0000000712f8bb00) 
thrown [s\open\src\hotspot\share\interpreter\linkResolver.cpp, line 774]
Event: 2.701 Thread 0x00000273fabab110 Exception <a 'java/lang/NoSuchMethodError'{0x0000000712fa8900}: 'java.lang.Object java.lang.invoke.DirectMethodHandle$Holder.invokeStaticInit(java.lang.Object, java.lang.Object, int, int, int, int)'> (0x0000000712fa8900) 
thrown [s\open\src\hotspot\share\interpreter\linkResolver.cpp, line 774]
Event: 2.714 Thread 0x00000273fabab110 Exception <a 'sun/nio/fs/WindowsException'{0x0000000712c23fc8}> (0x0000000712c23fc8) 
thrown [s\open\src\hotspot\share\prims\jni.cpp, line 517]

VM Operations (20 events):
Event: 29.062 Executing VM operation: Cleanup
Event: 29.062 Executing VM operation: Cleanup done
Event: 30.070 Executing VM operation: Cleanup
Event: 30.070 Executing VM operation: Cleanup done
Event: 31.078 Executing VM operation: Cleanup
Event: 31.078 Executing VM operation: Cleanup done
Event: 33.093 Executing VM operation: Cleanup
Event: 33.093 Executing VM operation: Cleanup done
Event: 36.114 Executing VM operation: Cleanup
Event: 36.114 Executing VM operation: Cleanup done
Event: 39.140 Executing VM operation: Cleanup
Event: 39.140 Executing VM operation: Cleanup done
Event: 45.155 Executing VM operation: HandshakeAllThreads
Event: 45.155 Executing VM operation: HandshakeAllThreads done
Event: 45.155 Executing VM operation: Cleanup
Event: 45.155 Executing VM operation: Cleanup done
Event: 46.160 Executing VM operation: Cleanup
Event: 46.160 Executing VM operation: Cleanup done
Event: 130.731 Executing VM operation: Cleanup
Event: 130.731 Executing VM operation: Cleanup done

Events (20 events):
Event: 0.030 Thread 0x00000273f9cf7080 Thread added: 0x00000273f9cf7080
Event: 0.099 Thread 0x00000273f9d5fe40 Thread added: 0x00000273f9d5fe40
Event: 0.100 Thread 0x00000273f9d5ad70 Thread added: 0x00000273f9d5ad70
Event: 0.101 Thread 0x00000273f9d5b390 Thread added: 0x00000273f9d5b390
Event: 0.152 Thread 0x00000273f9fcebc0 Thread added: 0x00000273f9fcebc0
Event: 0.194 Thread 0x00000273fabab110 Thread added: 0x00000273fabab110
Event: 0.214 Thread 0x00000273fac2f440 Thread added: 0x00000273fac2f440
Event: 0.239 Thread 0x00000273d077de70 Thread exited: 0x00000273d077de70
Event: 0.239 Thread 0x00000273d077de70 Thread added: 0x00000273d077de70
Event: 1.046 Thread 0x00000273fac2f440 Thread exited: 0x00000273fac2f440
Event: 2.467 Thread 0x00000273fadde2c0 Thread added: 0x00000273fadde2c0
Event: 3.350 Thread 0x00000273fadde2c0 Thread exited: 0x00000273fadde2c0
Event: 3.446 Thread 0x00000273fadde2c0 Thread added: 0x00000273fadde2c0
Event: 5.196 Thread 0x00000273f9fcebc0 Thread exited: 0x00000273f9fcebc0
Event: 7.615 Thread 0x00000273fc13a5a0 Thread added: 0x00000273fc13a5a0
Event: 7.885 Thread 0x00000273fc13a5a0 Thread exited: 0x00000273fc13a5a0
Event: 10.016 Thread 0x00000273faf88f80 Thread added: 0x00000273faf88f80
Event: 10.253 Thread 0x00000273faf88f80 Thread exited: 0x00000273faf88f80
Event: 18.084 Thread 0x00000273fc4f19f0 Thread added: 0x00000273fc4f19f0
Event: 23.102 Thread 0x00000273fc4f19f0 Thread exited: 0x00000273fc4f19f0


Dynamic libraries:
0x00007ff7a63f0000 - 0x00007ff7a6400000 	D:\Java\JDK\bin\java.exe
0x00007ffbef830000 - 0x00007ffbefa25000 	C:\Windows\SYSTEM32\ntdll.dll
0x00007ffbee4f0000 - 0x00007ffbee5ad000 	C:\Windows\System32\KERNEL32.DLL
0x00007ffbecf40000 - 0x00007ffbed20d000 	C:\Windows\System32\KERNELBASE.dll
0x00007ffbed580000 - 0x00007ffbed680000 	C:\Windows\System32\ucrtbase.dll
0x00007ffbe2a30000 - 0x00007ffbe2a48000 	D:\Java\JDK\bin\jli.dll
0x00007ffbe2d50000 - 0x00007ffbe2d6b000 	D:\Java\JDK\bin\VCRUNTIME140.dll
0x00007ffbef120000 - 0x00007ffbef1ce000 	C:\Windows\System32\ADVAPI32.dll
0x00007ffbee630000 - 0x00007ffbee6ce000 	C:\Windows\System32\msvcrt.dll
0x00007ffbef300000 - 0x00007ffbef39c000 	C:\Windows\System32\sechost.dll
0x00007ffbee970000 - 0x00007ffbeea95000 	C:\Windows\System32\RPCRT4.dll
0x00007ffbeec30000 - 0x00007ffbeedd0000 	C:\Windows\System32\USER32.dll
0x00007ffbed4b0000 - 0x00007ffbed4d2000 	C:\Windows\System32\win32u.dll
0x00007ffbce750000 - 0x00007ffbce9ea000 	C:\Windows\WinSxS\amd64_microsoft.windows.common-controls_6595b64144ccf1df_6.0.19041.1110_none_60b5254171f9507e\COMCTL32.dll
0x00007ffbeef00000 - 0x00007ffbeef2a000 	C:\Windows\System32\GDI32.dll
0x00007ffbed700000 - 0x00007ffbed80b000 	C:\Windows\System32\gdi32full.dll
0x00007ffbed4e0000 - 0x00007ffbed57d000 	C:\Windows\System32\msvcp_win.dll
0x00007ffbe2c00000 - 0x00007ffbe2c0a000 	C:\Windows\SYSTEM32\VERSION.dll
0x00007ffbedd70000 - 0x00007ffbedda0000 	C:\Windows\System32\IMM32.DLL
0x00007ffbd58e0000 - 0x00007ffbd58ec000 	D:\Java\JDK\bin\vcruntime140_1.dll
0x00007ffb8a7a0000 - 0x00007ffb8a82e000 	D:\Java\JDK\bin\msvcp140.dll
0x00007ffb83620000 - 0x00007ffb842e0000 	D:\Java\JDK\bin\server\jvm.dll
0x00007ffbd5ca0000 - 0x00007ffbd5ca9000 	C:\Windows\SYSTEM32\WSOCK32.dll
0x00007ffbeadb0000 - 0x00007ffbeadd7000 	C:\Windows\SYSTEM32\WINMM.dll
0x00007ffbef0b0000 - 0x00007ffbef11b000 	C:\Windows\System32\WS2_32.dll
0x00007ffbeba40000 - 0x00007ffbeba52000 	C:\Windows\SYSTEM32\kernel.appcore.dll
0x00007ffbc5210000 - 0x00007ffbc521a000 	D:\Java\JDK\bin\jimage.dll
0x00007ffbeab90000 - 0x00007ffbead74000 	C:\Windows\SYSTEM32\DBGHELP.DLL
0x00007ffbead80000 - 0x00007ffbeadac000 	C:\Windows\SYSTEM32\dbgcore.DLL
0x00007ffbed210000 - 0x00007ffbed292000 	C:\Windows\System32\bcryptPrimitives.dll
0x00007ffba1bb0000 - 0x00007ffba1bd6000 	D:\Java\JDK\bin\java.dll
0x00007ffb8a9d0000 - 0x00007ffb8aaa7000 	D:\Java\JDK\bin\jsvml.dll
0x00007ffbedda0000 - 0x00007ffbee4e4000 	C:\Windows\System32\SHELL32.dll
0x00007ffbeb020000 - 0x00007ffbeb7b4000 	C:\Windows\SYSTEM32\windows.storage.dll
0x00007ffbef3a0000 - 0x00007ffbef6f4000 	C:\Windows\System32\combase.dll
0x00007ffbec9a0000 - 0x00007ffbec9cc000 	C:\Windows\SYSTEM32\Wldp.dll
0x00007ffbef1d0000 - 0x00007ffbef27d000 	C:\Windows\System32\SHCORE.dll
0x00007ffbee5c0000 - 0x00007ffbee615000 	C:\Windows\System32\shlwapi.dll
0x00007ffbece80000 - 0x00007ffbece9f000 	C:\Windows\SYSTEM32\profapi.dll
0x00007ffbbf200000 - 0x00007ffbbf213000 	D:\Java\JDK\bin\net.dll
0x00007ffbe4ca0000 - 0x00007ffbe4daa000 	C:\Windows\SYSTEM32\WINHTTP.dll
0x00007ffbec700000 - 0x00007ffbec76a000 	C:\Windows\system32\mswsock.dll
0x00007ffbb0a10000 - 0x00007ffbb0a26000 	D:\Java\JDK\bin\nio.dll
0x00007ffba1380000 - 0x00007ffba1398000 	D:\Java\JDK\bin\zip.dll
0x00007ffb8a830000 - 0x00007ffb8a9c1000 	D:\Java\JDK\bin\awt.dll
0x00007ffbef720000 - 0x00007ffbef7ed000 	C:\Windows\System32\OLEAUT32.dll
0x00007ffbe7720000 - 0x00007ffbe77b0000 	C:\Windows\SYSTEM32\apphelp.dll
0x00007ffbea040000 - 0x00007ffbea06f000 	C:\Windows\system32\DWMAPI.DLL
0x00007ffbe9e40000 - 0x00007ffbe9ede000 	C:\Windows\system32\uxtheme.dll
0x00007ffbb7ce0000 - 0x00007ffbb7e06000 	C:\Windows\system32\opengl32.dll
0x00007ffbdc320000 - 0x00007ffbdc34c000 	C:\Windows\SYSTEM32\GLU32.dll
0x00007ffbeef30000 - 0x00007ffbef045000 	C:\Windows\System32\MSCTF.dll
0x00007ffbeedd0000 - 0x00007ffbeeefa000 	C:\Windows\System32\ole32.dll
0x00007ffbdc3b0000 - 0x00007ffbdc3de000 	D:\Java\JDK\bin\javajpeg.dll
0x00007ffb8a710000 - 0x00007ffb8a796000 	D:\Java\JDK\bin\freetype.dll
0x00007ffb8a640000 - 0x00007ffb8a705000 	D:\Java\JDK\bin\fontmanager.dll
0x00007ffbb7b60000 - 0x00007ffbb7c59000 	C:\Windows\SYSTEM32\textinputframework.dll
0x00007ffbe6a10000 - 0x00007ffbe6b02000 	C:\Windows\System32\CoreMessaging.dll
0x00007ffbe66b0000 - 0x00007ffbe6a0e000 	C:\Windows\System32\CoreUIComponents.dll
0x00007ffbebc40000 - 0x00007ffbebc73000 	C:\Windows\SYSTEM32\ntmarta.dll
0x00007ffbe6c10000 - 0x00007ffbe6d64000 	C:\Windows\SYSTEM32\wintypes.dll
0x00007ffbb6b80000 - 0x00007ffbb6b88000 	D:\Java\JDK\bin\extnet.dll
0x00007ffbec3e0000 - 0x00007ffbec4ab000 	C:\Windows\SYSTEM32\DNSAPI.dll
0x00007ffbec3a0000 - 0x00007ffbec3db000 	C:\Windows\SYSTEM32\IPHLPAPI.DLL
0x00007ffbee620000 - 0x00007ffbee628000 	C:\Windows\System32\NSI.dll
0x00007ffbe4150000 - 0x00007ffbe415a000 	C:\Windows\System32\rasadhlp.dll
0x00007ffbdfd70000 - 0x00007ffbdfdf0000 	C:\Windows\System32\fwpuclnt.dll
0x00007ffbed6d0000 - 0x00007ffbed6f7000 	C:\Windows\System32\bcrypt.dll
0x00007ffbc1850000 - 0x00007ffbc1867000 	C:\Windows\system32\napinsp.dll
0x00007ffbbca50000 - 0x00007ffbbca6b000 	C:\Windows\system32\pnrpnsp.dll
0x00007ffbe5270000 - 0x00007ffbe5285000 	C:\Windows\system32\wshbth.dll
0x00007ffbe4c80000 - 0x00007ffbe4c9d000 	C:\Windows\system32\NLAapi.dll
0x00007ffbbc7a0000 - 0x00007ffbbc7b2000 	C:\Windows\System32\winrnr.dll
0x00007ffbec8f0000 - 0x00007ffbec908000 	C:\Windows\SYSTEM32\CRYPTSP.dll
0x00007ffbec010000 - 0x00007ffbec044000 	C:\Windows\system32\rsaenh.dll
0x00007ffbece40000 - 0x00007ffbece6e000 	C:\Windows\SYSTEM32\USERENV.dll
0x00007ffbec910000 - 0x00007ffbec91c000 	C:\Windows\SYSTEM32\CRYPTBASE.dll
0x00007ffbe2f00000 - 0x00007ffbe2f17000 	C:\Windows\SYSTEM32\dhcpcsvc6.DLL
0x00007ffbe2c20000 - 0x00007ffbe2c3d000 	C:\Windows\SYSTEM32\dhcpcsvc.DLL
0x00007ffbe6db0000 - 0x00007ffbe6dbe000 	D:\Java\JDK\bin\sunmscapi.dll
0x00007ffbed350000 - 0x00007ffbed4a6000 	C:\Windows\System32\CRYPT32.dll
0x00007ffbeca10000 - 0x00007ffbeca37000 	C:\Windows\SYSTEM32\ncrypt.dll
0x00007ffbec9d0000 - 0x00007ffbeca0b000 	C:\Windows\SYSTEM32\NTASN1.dll
0x00007ffbeeb80000 - 0x00007ffbeec29000 	C:\Windows\System32\clbcatq.dll
0x00007ffbe35d0000 - 0x00007ffbe3784000 	C:\Windows\SYSTEM32\WindowsCodecs.dll
0x00007ffbb4e70000 - 0x00007ffbb4eae000 	C:\Windows\system32\dataexchange.dll
0x00007ffbe57d0000 - 0x00007ffbe5a34000 	C:\Windows\system32\d3d11.dll
0x00007ffbe6140000 - 0x00007ffbe6325000 	C:\Windows\system32\dcomp.dll
0x00007ffbeb820000 - 0x00007ffbeb913000 	C:\Windows\system32\dxgi.dll
0x00007ffbe3000000 - 0x00007ffbe3201000 	C:\Windows\system32\twinapi.appcore.dll
0x00007ffbb5870000 - 0x00007ffbb591c000 	C:\Windows\SYSTEM32\TextShaping.dll

dbghelp: loaded successfully - version: 4.0.5 - missing functions: none
symbol engine: initialized successfully - sym options: 0x614 - pdb path: .;D:\Java\JDK\bin;C:\Windows\SYSTEM32;C:\Windows\WinSxS\amd64_microsoft.windows.common-controls_6595b64144ccf1df_6.0.19041.1110_none_60b5254171f9507e;D:\Java\JDK\bin\server

VM Arguments:
java_command: create
java_class_path (initial): D:\Documents\NetBeansProjects\JavaProject-master\target\classes;C:\Users\DELL\.m2\repository\com\microsoft\sqlserver\mssql-jdbc\11.2.1.jre18\mssql-jdbc-11.2.1.jre18.jar
Launcher Type: SUN_STANDARD

[Global flags]
     intx CICompilerCount                          = 4                                         {product} {ergonomic}
     uint ConcGCThreads                            = 2                                         {product} {ergonomic}
     uint G1ConcRefinementThreads                  = 8                                         {product} {ergonomic}
   size_t G1HeapRegionSize                         = 2097152                                   {product} {ergonomic}
    uintx GCDrainStackTargetSize                   = 64                                        {product} {ergonomic}
   size_t InitialHeapSize                          = 264241152                                 {product} {ergonomic}
   size_t MarkStackSize                            = 4194304                                   {product} {ergonomic}
   size_t MaxHeapSize                              = 4223664128                                {product} {ergonomic}
   size_t MaxNewSize                               = 2533359616                                {product} {ergonomic}
   size_t MinHeapDeltaBytes                        = 2097152                                   {product} {ergonomic}
   size_t MinHeapSize                              = 8388608                                   {product} {ergonomic}
    uintx NonNMethodCodeHeapSize                   = 5839372                                {pd product} {ergonomic}
    uintx NonProfiledCodeHeapSize                  = 122909434                              {pd product} {ergonomic}
    uintx ProfiledCodeHeapSize                     = 122909434                              {pd product} {ergonomic}
    uintx ReservedCodeCacheSize                    = 251658240                              {pd product} {ergonomic}
     bool SegmentedCodeCache                       = true                                      {product} {ergonomic}
   size_t SoftMaxHeapSize                          = 4223664128                             {manageable} {ergonomic}
     bool UseCompressedClassPointers               = true                           {product lp64_product} {ergonomic}
     bool UseCompressedOops                        = true                           {product lp64_product} {ergonomic}
     bool UseG1GC                                  = true                                      {product} {ergonomic}
     bool UseLargePagesIndividualAllocation        = false                                  {pd product} {ergonomic}

Logging:
Log output configuration:
 #0: stdout all=warning uptime,level,tags foldmultilines=false
 #1: stderr all=off uptime,level,tags foldmultilines=false

Environment Variables:
JAVA_HOME=D:\Java\JDK
PATH=C:\Program Files\Common Files\Oracle\Java\javapath;C:\Windows\system32;C:\Windows;C:\Windows\System32\Wbem;C:\Windows\System32\WindowsPowerShell\v1.0\;C:\Windows\System32\OpenSSH\;C:\Program Files\NVIDIA Corporation\NVIDIA NvDLISR;C:\Program Files (x86)\Windows Live\Shared;C:\Program Files (x86)\NVIDIA Corporation\PhysX\Common;C:\Program Files\dotnet\;C:\Program Files\Microsoft SQL Server\Client SDK\ODBC\170\Tools\Binn\;C:\Program Files (x86)\Microsoft SQL Server\150\Tools\Binn\;C:\Program Files\Microsoft SQL Server\150\Tools\Binn\;C:\Program Files\Microsoft SQL Server\150\DTS\Binn\;C:\Program Files\Microsoft SQL Server\110\Tools\Binn\;C:\Program Files (x86)\Microsoft SQL Server\110\Tools\Binn\;C:\Program Files\Microsoft SQL Server\110\DTS\Binn\;C:\Program Files (x86)\Microsoft SQL Server\110\Tools\Binn\ManagementStudio\;C:\Program Files (x86)\Microsoft SQL Server\110\DTS\Binn\;D:\Java\JDK\bin;C:\Users\DELL\AppData\Local\Microsoft\WindowsApps;C:\Users\DELL\AppData\Local\GitHubDesktop\bin
USERNAME=DELL
OS=Windows_NT
PROCESSOR_IDENTIFIER=Intel64 Family 6 Model 140 Stepping 1, GenuineIntel
TMP=C:\Users\DELL\AppData\Local\Temp
TEMP=C:\Users\DELL\AppData\Local\Temp



---------------  S Y S T E M  ---------------

OS:
 Windows 10 , 64 bit Build 19041 (10.0.19041.1706)
OS uptime: 2 days 22:39 hours

CPU: total 8 (initial active 8) (4 cores per cpu, 2 threads per core) family 6 model 140 stepping 1 microcode 0xa4, cx8, cmov, fxsr, ht, mmx, 3dnowpref, sse, sse2, sse3, ssse3, sse4.1, sse4.2, popcnt, lzcnt, tsc, tscinvbit, avx, avx2, aes, erms, clmul, bmi1, bmi2, adx, avx512f, avx512dq, avx512cd, avx512bw, avx512vl, sha, fma, vzeroupper, avx512_vpopcntdq, avx512_vpclmulqdq, avx512_vaes, avx512_vnni, clflush, clflushopt, clwb, avx512_vbmi2, avx512_vbmi, rdtscp, rdpid, fsrm, gfni, avx512_bitalg

Memory: 4k page, system-wide physical 16106M (3158M free)
TotalPageFile size 25969M (AvailPageFile size 5M)
current process WorkingSet (physical memory assigned to process): 136M, peak: 149M
current process commit charge ("private bytes"): 375M, peak: 388M

vm_info: Java HotSpot(TM) 64-Bit Server VM (19.0.1+10-21) for windows-amd64 JRE (19.0.1+10-21), built on 2022-09-14T12:45:06Z by "mach5one" with MS VC++ 17.1 (VS2022)

END.
